2022-11-03 08:59:02.620 ERROR 18484 --- c.i.c.endpoint.CineServiceController           : No se pudo leer la sala
2022-11-03 09:02:01.809  INFO 10424 --- c.itq.cineService.CineServiceRestApplication   : Starting CineServiceRestApplication using Java 11.0.16 on DESKTOP-9CHINTB with PID 10424 (C:\Users\T460\workspace-spring-tool-suite-4-4.15.3.RELEASE\cineServiceRest\target\classes started by T460 in C:\Users\T460\workspace-spring-tool-suite-4-4.15.3.RELEASE\cineServiceRest)
2022-11-03 09:02:01.819  INFO 10424 --- c.itq.cineService.CineServiceRestApplication   : No active profile set, falling back to 1 default profile: "default"
2022-11-03 09:02:03.445  INFO 10424 --- o.s.boot.web.embedded.tomcat.TomcatWebServer   : Tomcat initialized with port(s): 8081 (http)
2022-11-03 09:02:03.467  INFO 10424 --- org.apache.catalina.core.StandardService       : Starting service [Tomcat]
2022-11-03 09:02:03.468  INFO 10424 --- org.apache.catalina.core.StandardEngine        : Starting Servlet engine: [Apache Tomcat/9.0.68]
2022-11-03 09:02:03.659  INFO 10424 --- o.a.c.c.C.[Tomcat].[localhost].[/]             : Initializing Spring embedded WebApplicationContext
2022-11-03 09:02:03.661  INFO 10424 --- o.s.b.w.s.c.ServletWebServerApplicationContext : Root WebApplicationContext: initialization completed in 1723 ms
2022-11-03 09:02:04.223  INFO 10424 --- o.s.boot.web.embedded.tomcat.TomcatWebServer   : Tomcat started on port(s): 8081 (http) with context path ''
2022-11-03 09:02:04.250  INFO 10424 --- c.itq.cineService.CineServiceRestApplication   : Started CineServiceRestApplication in 3.48 seconds (JVM running for 6.063)
2022-11-03 09:02:09.198  INFO 10424 --- o.a.c.c.C.[Tomcat].[localhost].[/]             : Initializing Spring DispatcherServlet 'dispatcherServlet'
2022-11-03 09:02:09.201  INFO 10424 --- o.s.web.servlet.DispatcherServlet              : Initializing Servlet 'dispatcherServlet'
2022-11-03 09:02:09.204  INFO 10424 --- o.s.web.servlet.DispatcherServlet              : Completed initialization in 3 ms
2022-11-03 09:02:09.282  INFO 10424 --- c.i.c.endpoint.CineServiceController           : La sala con el ID: 1 Fecha:  Thu Nov 03 09:02:03 CST 2022
2022-11-03 09:02:09.282 ERROR 10424 --- c.i.c.endpoint.CineServiceController           : No se pudo leer la sala
2022-11-03 09:02:11.066  INFO 10424 --- c.i.c.endpoint.CineServiceController           : La sala con el ID: 1 Fecha:  Thu Nov 03 09:02:03 CST 2022
2022-11-03 09:02:11.068 ERROR 10424 --- c.i.c.endpoint.CineServiceController           : No se pudo leer la sala
2022-11-03 09:02:37.313  INFO 10424 --- ionAdminMXBeanRegistrar$SpringApplicationAdmin : Application shutdown requested.
2022-11-03 09:02:38.467  INFO 10424 --- org.apache.catalina.core.StandardService       : Stopping service [Tomcat]
2022-11-03 09:02:38.473  INFO 10424 --- o.a.c.c.C.[Tomcat].[localhost].[/]             : Destroying Spring FrameworkServlet 'dispatcherServlet'
